<?xml version="1.0" encoding="utf-8"?><testsuites><testsuite name="pytest" errors="0" failures="0" skipped="0" tests="5" time="7.195" timestamp="2024-07-24T19:00:56.432519" hostname="DESKTOP-RCPBOD9"><testcase classname="tests.v1.test_blog_update" name="test_update_blog_success" time="0.825" /><testcase classname="tests.v1.test_blog_update" name="test_update_blog_not_found" time="0.027" /><testcase classname="tests.v1.test_blog_update" name="test_update_blog_forbidden" time="0.019" /><testcase classname="tests.v1.test_blog_update" name="test_update_blog_empty_fields" time="0.015" /><testcase classname="tests.v1.test_blog_update" name="test_update_blog_internal_error" time="0.108" /></testsuite></testsuites>